make all --print-data-base --no-builtin-variables --no-builtin-rules --question
# GNU Make 4.3
# Built for x86_64-pc-linux-gnu
# Copyright (C) 1988-2020 Free Software Foundation, Inc.
# License GPLv3+: GNU GPL version 3 or later <http://gnu.org/licenses/gpl.html>
# This is free software: you are free to change and redistribute it.
# There is NO WARRANTY, to the extent permitted by law.

# Make data base, printed on Thu Jun  9 08:22:03 2022

# Variables

# makefile (from 'makefile', line 6)
OBJ = obj/
# environment
GDK_BACKEND = x11
# environment
LC_ALL = C
# makefile (from 'makefile', line 5)
SRC = src/
# environment
GNOME_SHELL_SESSION_MODE = pop
# environment
SSH_AGENT_LAUNCHER = gnome-keyring
# environment
GJS_DEBUG_OUTPUT = stderr
# environment
VSCODE_IPC_HOOK_EXTHOST = /run/user/1000/vscode-ipc-af9983b2-df11-4822-9040-e5db8b7faa59.sock
# environment
MANDATORY_PATH = /usr/share/gconf/pop.mandatory.path
# environment
VSCODE_CWD = /home/isaac
# environment
WINDOWPATH = 2
# makefile (from 'makefile', line 4)
IPATH = -Iinc/
# default
MAKE_COMMAND := make
# environment
QT_ACCESSIBILITY = 1
# automatic
@D = $(patsubst %/,%,$(dir $@))
# environment
VSCODE_HANDLES_UNCAUGHT_ERRORS = true
# default
.VARIABLES := 
# environment
PWD = /home/isaac/Documents/pratica_03-isaac
# automatic
%D = $(patsubst %/,%,$(dir $%))
# environment
XDG_DATA_DIRS = /usr/share/pop:/usr/share/gnome:/home/isaac/.local/share/flatpak/exports/share:/var/lib/flatpak/exports/share:/usr/local/share/:/usr/share/
# automatic
^D = $(patsubst %/,%,$(dir $^))
# environment
VSCODE_LOG_STACK = false
# automatic
%F = $(notdir $%)
# environment
VSCODE_CODE_CACHE_PATH = /home/isaac/.config/Code/CachedData/c3511e6c69bb39013c4a4b7b9566ec1ca73fc4d5
# environment
LANG = C
# environment
XAUTHORITY = /run/user/1000/gdm/Xauthority
# default
.LOADED := 
# default
.INCLUDE_DIRS = /usr/local/include /usr/include /usr/include
# makefile
MAKEFLAGS = pqrR
# makefile
CURDIR := /home/isaac/Documents/pratica_03-isaac
# environment
VSCODE_PIPE_LOGGING = true
# environment
APPLICATION_INSIGHTS_NO_DIAGNOSTIC_CHANNEL = 1
# environment
LESSOPEN = | /usr/bin/lesspipe %s
# automatic
*D = $(patsubst %/,%,$(dir $*))
# environment
MFLAGS = -pqrR
# environment
SSH_AUTH_SOCK = /run/user/1000/keyring/ssh
# default
.SHELLFLAGS := -c
# environment
XDG_CONFIG_DIRS = /etc/xdg/xdg-pop:/etc/xdg
# automatic
+D = $(patsubst %/,%,$(dir $+))
# environment
XDG_SESSION_DESKTOP = pop
# makefile (from 'makefile', line 1)
MAKEFILE_LIST := makefile
# automatic
@F = $(notdir $@)
# makefile (from 'makefile', line 1)
CHAIN = $(CHAINPATH)arm-none-eabi
# environment
VSCODE_VERBOSE_LOGGING = true
# environment
VSCODE_PID = 3005
# environment
XDG_SESSION_TYPE = x11
# automatic
?D = $(patsubst %/,%,$(dir $?))
# environment
SESSION_MANAGER = local/pop-os:@/tmp/.ICE-unix/2464,unix/pop-os:/tmp/.ICE-unix/2464
# automatic
*F = $(notdir $*)
# environment
CHROME_DESKTOP = code-url-handler.desktop
# environment
DBUS_SESSION_BUS_ADDRESS = unix:path=/run/user/1000/bus
# automatic
<D = $(patsubst %/,%,$(dir $<))
# environment
VSCODE_NLS_CONFIG = {"locale":"pt-br","availableLanguages":{},"_languagePackSupport":true}
# default
MAKE_HOST := x86_64-pc-linux-gnu
# environment
GNOME_DESKTOP_SESSION_ID = this-is-deprecated
# makefile
SHELL = /bin/sh
# default
MAKECMDGOALS := all
# environment
XMODIFIERS = @im=ibus
# environment
GJS_DEBUG_TOPICS = JS ERROR;JS LOG
# environment
SHLVL = 0
# environment
MAKELEVEL := 0
# default
MAKE = $(MAKE_COMMAND)
# environment
PATH = /usr/local/sbin:/usr/local/bin:/usr/sbin:/usr/bin:/sbin:/bin:/usr/games:/usr/local/games:/snap/bin:/home/isaac/lab/toolchain/gcc-arm-none-eabi-10.3-2021.10/bin
# default
MAKEFILES := 
# automatic
^F = $(notdir $^)
# makefile (from 'makefile', line 3)
AFLAGS = -mfpu=neon
# environment
INVOCATION_ID = 04a7aa3a766340c28dcb1482c9965f96
# environment
VSCODE_LOG_NATIVE = false
# environment
USERNAME = isaac
# environment
LESSCLOSE = /usr/bin/lesspipe %s %s
# automatic
?F = $(notdir $?)
# environment
GTK_IM_MODULE = ibus
# environment
XDG_CURRENT_DESKTOP = Unity
# environment
LS_COLORS = 
# automatic
+F = $(notdir $+)
# environment
DESKTOP_SESSION = pop
# environment
ORIGINAL_XDG_CURRENT_DESKTOP = pop:GNOME
# 'override' directive
GNUMAKEFLAGS := 
# environment
LOGNAME = isaac
# environment
GIO_LAUNCHED_DESKTOP_FILE = /usr/share/applications/code.desktop
# makefile
.DEFAULT_GOAL := all
# environment
SYSTEMD_EXEC_PID = 2483
# environment
DISPLAY = :1
# environment
USER = isaac
# environment
GTK_MODULES = gail:atk-bridge:appmenu-gtk-module
# environment
DEFAULTS_PATH = /usr/share/gconf/pop.default.path
# default
MAKE_VERSION := 4.3
# environment
MANAGERPID = 2245
# environment
GIO_LAUNCHED_DESKTOP_FILE_PID = 3005
# environment
_ = /usr/share/code/code
# makefile (from 'makefile', line 7)
BIN = bin/
# environment
XDG_RUNTIME_DIR = /run/user/1000
# makefile (from 'makefile', line 2)
CFLAGS = -std=c99 -Wall -mfpu=neon -mhard-float -mcpu=cortex-a8
# environment
GPG_AGENT_INFO = /run/user/1000/gnupg/S.gpg-agent:0:1
# environment
JOURNAL_STREAM = 8:33722
# environment
XDG_SESSION_CLASS = user
# environment
VSCODE_AMD_ENTRYPOINT = vs/workbench/api/node/extensionHostProcess
# environment
HOME = /home/isaac
# environment
QT_IM_MODULE = ibus
# environment
ELECTRON_RUN_AS_NODE = 1
# environment
VSCODE_IPC_HOOK = /run/user/1000/vscode-77eb7e64-1.67.2-main.sock
# default
.RECIPEPREFIX := 
# automatic
<F = $(notdir $<)
# default
SUFFIXES := 
# default
.FEATURES := target-specific order-only second-expansion else-if shortest-stem undefine oneshell nocomment grouped-target extra-prereqs archives jobserver output-sync check-symlink load
# environment
XDG_MENU_PREFIX = gnome-
# environment
GDMSESSION = pop
# variable set hash-table stats:
# Load=107/1024=10%, Rehash=0, Collisions=13/152=9%

# Pattern-specific Variable Values

# No pattern-specific variable values.

# Directories

# . (device 66308, inode 1193282): 14 files, no impossibilities.

# 14 files, no impossibilities in 1 directories.

# Implicit Rules

# No implicit rules.

# Files

# Not a target:
src/start.s:
#  Implicit rule search has been done.
#  Last modified 2022-05-23 21:51:42
#  File has been updated.
#  Successfully updated.

# Not a target:
src/control_module.c:
#  Implicit rule search has not been done.
#  Modification time never checked.
#  File has not been updated.

app: start.o main.o gpio.o uart.o pad.o control_module.o clock_module.o
#  Implicit rule search has not been done.
#  File does not exist.
#  File has been updated.
#  Needs to be updated (-q is set).
# variable set hash-table stats:
# Load=0/32=0%, Rehash=0, Collisions=0/8=0%
#  recipe to execute (from 'makefile', line 12):
	$(CHAIN)-ld $(OBJ)start.o $(OBJ)main.o $(OBJ)gpio.o $(OBJ)uart.o $(OBJ)pad.o $(OBJ)control_module.o $(OBJ)clock_module.o -T $(SRC)memmap.ld -o $(OBJ)main.elf
	$(CHAIN)-objcopy $(OBJ)main.elf $(BIN)spl.boot -O binary
	cp $(BIN)spl.boot /tftpboot/appGpio.bin

# Not a target:
src/gpio.c:
#  Implicit rule search has not been done.
#  Modification time never checked.
#  File has not been updated.

dump:
#  Implicit rule search has not been done.
#  Modification time never checked.
#  File has not been updated.
#  recipe to execute (from 'makefile', line 46):
	$(CHAIN)-objdump -D $(OBJ)main.elf

clean:
#  Implicit rule search has not been done.
#  Modification time never checked.
#  File has not been updated.
#  recipe to execute (from 'makefile', line 41):
	rm -rf $(OBJ)*.o
	rm -rf $(OBJ)*.elf
	rm -rf $(BIN)*.boot

gpio.o: src/gpio.c
#  Implicit rule search has not been done.
 
#  Modification time never checked.
#  File has not been updated.
#  recipe to execute (from 'makefile', line 23):
	$(CHAIN)-gcc $(CFLAGS) $(IPATH) -c $(SRC)gpio.c -o $(OBJ)gpio.o

# Not a target:
src/pad.c:
#  Implicit rule search has not been done.
#  Modification time never checked.
#  File has not been updated.

# Not a target:
src/main.c:
#  Implicit rule search has not been done.
#  Modification time never checked.
#  File has not been updated.

uart.o: src/uart.c
#  Implicit rule search has not been done.
#  Modification time never checked.
#  File has not been updated.
#  recipe to execute (from 'makefile', line 26):
	$(CHAIN)-gcc $(CFLAGS) $(IPATH) -c $(SRC)uart.c -o $(OBJ)uart.o

# Not a target:
.DEFAULT:
#  Implicit rule search has not been done.
#  Modification time never checked.
#  File has not been updated.

all: app
#  Command line target.
#  Implicit rule search has been done.
#  File does not exist.
#  File has been updated.
#  Needs to be updated (-q is set).
# variable set hash-table stats:
# Load=0/32=0%, Rehash=0, Collisions=0/8=0%

clock_module.o: src/clock_module.c
#  Implicit rule search has not been done.
#  Modification time never checked.
#  File has not been updated.
#  recipe to execute (from 'makefile', line 35):
	$(CHAIN)-gcc $(CFLAGS) $(IPATH) -c $(SRC)clock_module.c -o $(OBJ)clock_module.o

start.o: src/start.s
#  Implicit rule search has not been done.
#  Implicit/static pattern stem: ''
#  File does not exist.
#  File has been updated.
#  Needs to be updated (-q is set).
# automatic
# @ := start.o
# automatic
# * := 
# automatic
# < := src/start.s
# automatic
# + := src/start.s
# automatic
# % := 
# automatic
# ^ := src/start.s
# automatic
# ? := src/start.s
# automatic
# | := 
# variable set hash-table stats:
# Load=8/32=25%, Rehash=0, Collisions=1/16=6%
#  recipe to execute (from 'makefile', line 17):
	$(CHAIN)-as $(AFLAGS) $(SRC)start.s -o $(OBJ)start.o

copy:
#  Implicit rule search has not been done.
#  Modification time never checked.
#  File has not been updated.
#  recipe to execute (from 'makefile', line 38):
	cp $(BIN)spl.boot /tftpboot/appGpio.bin

main.o: src/main.c
#  Implicit rule search has not been done.
#  Modification time never checked.
#  File has not been updated.
#  recipe to execute (from 'makefile', line 20):
	$(CHAIN)-gcc $(CFLAGS) $(IPATH) -c $(SRC)main.c -o $(OBJ)main.o

pad.o: src/pad.c
#  Implicit rule search has not been done.
#  Modification time never checked.
#  File has not been updated.
#  recipe to execute (from 'makefile', line 29):
	$(CHAIN)-gcc $(CFLAGS) $(IPATH) -c $(SRC)pad.c -o $(OBJ)pad.o

# Not a target:
makefile:
#  Implicit rule search has been done.
#  Last modified 2022-05-30 13:18:24
#  File has been updated.
#  Successfully updated.

# Not a target:
src/clock_module.c:
#  Implicit rule search has not been done.
#  Modification time never checked.
#  File has not been updated.

# Not a target:
src/uart.c:
#  Implicit rule search has not been done.
#  Modification time never checked.
#  File has not been updated.

# Not a target:
.SUFFIXES:
#  Implicit rule search has not been done.
#  Modification time never checked.
#  File has not been updated.

control_module.o: src/control_module.c
#  Implicit rule search has not been done.
#  Modification time never checked.
#  File has not been updated.
#  recipe to execute (from 'makefile', line 32):
	$(CHAIN)-gcc $(CFLAGS) $(IPATH) -c $(SRC)control_module.c -o $(OBJ)control_module.o

# files hash-table stats:
# Load=22/1024=2%, Rehash=0, Collisions=0/57=0%
# VPATH Search Paths

# No 'vpath' search paths.

# No general ('VPATH' variable) search path.

# strcache buffers: 1 (0) / strings = 37 / storage = 332 B / avg = 8 B
# current buf: size = 8162 B / used = 332 B / count = 37 / avg = 8 B

# strcache performance: lookups = 63 / hit rate = 41%
# hash-table stats:
# Load=37/8192=0%, Rehash=0, Collisions=0/63=0%
# Finished Make data base on Thu Jun  9 08:22:03 2022

 
